<?xml version="1.0" encoding="UTF-8"?>
<!-- Generated by org.testng.reporters.JUnitReportReporter -->
<testsuite skipped="0" hostname="CBT-053" name="script.Test1" tests="1" failures="0" timestamp="26 Apr 2017 09:04:41 GMT" time="0.009" errors="0">
  <testcase name="dummy" time="0.009" classname="script.Test1"/>
</testsuite> <!-- script.Test1 -->
